<?xml version="1.0" encoding="utf-8"?><testsuites name="pytest tests"><testsuite name="pytest" errors="0" failures="0" skipped="0" tests="21" time="3.519" timestamp="2026-04-10T23:41:46.764024+00:00" hostname="agent-env-1f83ada1-f807-401a-8676-234b62839b97"><testcase classname="backend.tests.test_admin_volume_bot.TestAdminLogin" name="test_admin_login_success" time="0.315" /><testcase classname="backend.tests.test_admin_volume_bot.TestAdminLogin" name="test_admin_login_wrong_password" time="0.101" /><testcase classname="backend.tests.test_admin_volume_bot.TestAdminLogin" name="test_admin_login_empty_password" time="0.073" /><testcase classname="backend.tests.test_admin_volume_bot.TestBotStatusEndpoint" name="test_bot_status_with_auth" time="0.101" /><testcase classname="backend.tests.test_admin_volume_bot.TestBotStatusEndpoint" name="test_bot_status_without_auth" time="0.103" /><testcase classname="backend.tests.test_admin_volume_bot.TestBotStatusEndpoint" name="test_bot_status_wrong_auth" time="0.107" /><testcase classname="backend.tests.test_admin_volume_bot.TestBotStartStop" name="test_bot_start_with_auth" time="0.091" /><testcase classname="backend.tests.test_admin_volume_bot.TestBotStartStop" name="test_bot_stop_with_auth" time="0.111" /><testcase classname="backend.tests.test_admin_volume_bot.TestBotStartStop" name="test_bot_start_without_auth" time="0.090" /><testcase classname="backend.tests.test_admin_volume_bot.TestBotStartStop" name="test_bot_stop_without_auth" time="0.135" /><testcase classname="backend.tests.test_admin_volume_bot.TestBotConfig" name="test_bot_config_update" time="0.100" /><testcase classname="backend.tests.test_admin_volume_bot.TestBotConfig" name="test_bot_config_partial_update" time="0.083" /><testcase classname="backend.tests.test_admin_volume_bot.TestBotConfig" name="test_bot_config_without_auth" time="0.125" /><testcase classname="backend.tests.test_admin_volume_bot.TestBotConfig" name="test_bot_config_restore_defaults" time="0.081" /><testcase classname="backend.tests.test_admin_volume_bot.TestWalletManagement" name="test_get_wallets_with_auth" time="0.124" /><testcase classname="backend.tests.test_admin_volume_bot.TestWalletManagement" name="test_get_wallets_without_auth" time="0.091" /><testcase classname="backend.tests.test_admin_volume_bot.TestWalletManagement" name="test_add_wallet_invalid_key" time="0.095" /><testcase classname="backend.tests.test_admin_volume_bot.TestWalletManagement" name="test_add_wallet_without_auth" time="0.089" /><testcase classname="backend.tests.test_admin_volume_bot.TestWalletManagement" name="test_delete_wallet_without_auth" time="0.078" /><testcase classname="backend.tests.test_admin_volume_bot.TestWalletManagement" name="test_delete_nonexistent_wallet" time="0.077" /><testcase classname="backend.tests.test_admin_volume_bot.TestBotStartStopCycle" name="test_bot_lifecycle" time="1.120" /></testsuite></testsuites>