<?xml version="1.0" encoding="utf-8"?><testsuites name="pytest tests"><testsuite name="pytest" errors="0" failures="0" skipped="0" tests="25" time="18.396" timestamp="2026-04-11T00:03:06.476614+00:00" hostname="agent-env-1f83ada1-f807-401a-8676-234b62839b97"><testcase classname="backend.tests.test_enhanced_admin_panel.TestAdminLoginEnhanced" name="test_admin_login_success" time="0.129" /><testcase classname="backend.tests.test_enhanced_admin_panel.TestAdminLoginEnhanced" name="test_admin_login_wrong_password" time="0.091" /><testcase classname="backend.tests.test_enhanced_admin_panel.TestBotStatusNewFields" name="test_status_returns_new_config_fields" time="0.081" /><testcase classname="backend.tests.test_enhanced_admin_panel.TestBotStatusNewFields" name="test_status_without_auth_returns_401" time="0.081" /><testcase classname="backend.tests.test_enhanced_admin_panel.TestBotConfigNewFields" name="test_config_update_token_mint" time="0.250" /><testcase classname="backend.tests.test_enhanced_admin_panel.TestBotConfigNewFields" name="test_config_update_target_volume_sol" time="0.165" /><testcase classname="backend.tests.test_enhanced_admin_panel.TestBotConfigNewFields" name="test_config_update_target_makers" time="0.161" /><testcase classname="backend.tests.test_enhanced_admin_panel.TestBotConfigNewFields" name="test_config_update_trade_intervals" time="0.188" /><testcase classname="backend.tests.test_enhanced_admin_panel.TestBotConfigNewFields" name="test_config_update_sol_per_trade" time="0.166" /><testcase classname="backend.tests.test_enhanced_admin_panel.TestBotConfigNewFields" name="test_config_without_auth_returns_401" time="0.078" /><testcase classname="backend.tests.test_enhanced_admin_panel.TestCostCalculator" name="test_costs_returns_all_fields" time="0.087" /><testcase classname="backend.tests.test_enhanced_admin_panel.TestCostCalculator" name="test_costs_update_with_config_change" time="0.319" /><testcase classname="backend.tests.test_enhanced_admin_panel.TestCostCalculator" name="test_costs_without_auth_returns_401" time="0.089" /><testcase classname="backend.tests.test_enhanced_admin_panel.TestWalletGeneration" name="test_generate_wallets_success" time="0.102" /><testcase classname="backend.tests.test_enhanced_admin_panel.TestWalletGeneration" name="test_generate_wallets_default_values" time="0.095" /><testcase classname="backend.tests.test_enhanced_admin_panel.TestWalletGeneration" name="test_generate_wallets_without_auth_returns_401" time="0.079" /><testcase classname="backend.tests.test_enhanced_admin_panel.TestWalletMainSetting" name="test_set_main_wallet" time="0.650" /><testcase classname="backend.tests.test_enhanced_admin_panel.TestWalletMainSetting" name="test_set_main_wallet_without_auth_returns_401" time="0.091" /><testcase classname="backend.tests.test_enhanced_admin_panel.TestWalletListWithIsMain" name="test_wallets_have_is_main_field" time="0.503" /><testcase classname="backend.tests.test_enhanced_admin_panel.TestDistributeSol" name="test_distribute_sol_structure" time="11.709" /><testcase classname="backend.tests.test_enhanced_admin_panel.TestDistributeSol" name="test_distribute_sol_without_auth_returns_401" time="0.313" /><testcase classname="backend.tests.test_enhanced_admin_panel.TestCollectSol" name="test_collect_sol_structure" time="1.094" /><testcase classname="backend.tests.test_enhanced_admin_panel.TestCollectSol" name="test_collect_sol_without_auth_returns_401" time="0.083" /><testcase classname="backend.tests.test_enhanced_admin_panel.TestAllEndpointsAuth" name="test_all_endpoints_require_auth" time="0.955" /><testcase classname="backend.tests.test_enhanced_admin_panel.TestCleanup" name="test_cleanup_test_wallets" time="0.726" /></testsuite></testsuites>