<?xml version="1.0" encoding="utf-8"?><testsuites name="pytest tests"><testsuite name="pytest" errors="0" failures="0" skipped="0" tests="9" time="5.745" timestamp="2026-04-11T09:53:05.484511+00:00" hostname="agent-env-29770832-cadb-41f2-aa1a-6b0d9925ce6a"><testcase classname="backend.tests.test_ftrx_iteration7.TestWalletsEndpointPerformance" name="test_wallets_endpoint_responds_within_5_seconds" time="1.122" /><testcase classname="backend.tests.test_ftrx_iteration7.TestWalletsEndpointPerformance" name="test_wallets_have_balance_sol_field" time="0.711" /><testcase classname="backend.tests.test_ftrx_iteration7.TestWalletsEndpointPerformance" name="test_wallets_have_balance_ftrx_field" time="0.745" /><testcase classname="backend.tests.test_ftrx_iteration7.TestCollectFtrxEndpoint" name="test_collect_ftrx_returns_success" time="0.108" /><testcase classname="backend.tests.test_ftrx_iteration7.TestCollectFtrxEndpoint" name="test_collect_ftrx_status_returns_status" time="2.225" /><testcase classname="backend.tests.test_ftrx_iteration7.TestRefreshFtrxEndpoint" name="test_refresh_ftrx_returns_success" time="0.110" /><testcase classname="backend.tests.test_ftrx_iteration7.TestAdminLogin" name="test_admin_login_with_correct_password" time="0.234" /><testcase classname="backend.tests.test_ftrx_iteration7.TestBotStatusWithActivityData" name="test_bot_status_has_recent_transactions" time="0.128" /><testcase classname="backend.tests.test_ftrx_iteration7.TestLandingPage" name="test_landing_page_loads" time="0.142" /></testsuite></testsuites>