<?xml version="1.0" encoding="utf-8"?><testsuites name="pytest tests"><testsuite name="pytest" errors="0" failures="0" skipped="0" tests="26" time="6.313" timestamp="2026-04-11T22:17:57.523842+00:00" hostname="agent-env-49460aa3-c292-4219-a719-03cddf94ea6e"><testcase classname="backend.tests.test_multibot_iteration8.TestAdminLogin" name="test_admin_login_success" time="0.515" /><testcase classname="backend.tests.test_multibot_iteration8.TestAdminLogin" name="test_admin_login_failure" time="0.299" /><testcase classname="backend.tests.test_multibot_iteration8.TestBotListEndpoint" name="test_bots_list_returns_6_bots" time="0.119" /><testcase classname="backend.tests.test_multibot_iteration8.TestBotListEndpoint" name="test_bots_list_has_required_fields" time="0.102" /><testcase classname="backend.tests.test_multibot_iteration8.TestVolumeBotStatus" name="test_volume_bot_status" time="0.116" /><testcase classname="backend.tests.test_multibot_iteration8.TestVolumeBotStatus" name="test_volume_bot_wallets" time="1.344" /><testcase classname="backend.tests.test_multibot_iteration8.TestSpreadBotEndpoints" name="test_spread_bot_status" time="0.089" /><testcase classname="backend.tests.test_multibot_iteration8.TestSpreadBotEndpoints" name="test_spread_bot_config_save" time="0.104" /><testcase classname="backend.tests.test_multibot_iteration8.TestSpreadBotEndpoints" name="test_spread_bot_wallets" time="0.102" /><testcase classname="backend.tests.test_multibot_iteration8.TestSpreadBotEndpoints" name="test_spread_bot_generate_wallets" time="0.131" /><testcase classname="backend.tests.test_multibot_iteration8.TestSniperBotEndpoints" name="test_sniper_bot_status" time="0.090" /><testcase classname="backend.tests.test_multibot_iteration8.TestSniperBotEndpoints" name="test_sniper_bot_wallets" time="0.105" /><testcase classname="backend.tests.test_multibot_iteration8.TestTradeBotEndpoints" name="test_trade_bot_status" time="0.099" /><testcase classname="backend.tests.test_multibot_iteration8.TestTradeBotEndpoints" name="test_trade_bot_config_with_strategy" time="0.115" /><testcase classname="backend.tests.test_multibot_iteration8.TestTradeBotEndpoints" name="test_trade_bot_wallets" time="0.086" /><testcase classname="backend.tests.test_multibot_iteration8.TestArbitrageBotEndpoints" name="test_arbitrage_bot_status" time="0.103" /><testcase classname="backend.tests.test_multibot_iteration8.TestArbitrageBotEndpoints" name="test_arbitrage_bot_wallets" time="0.092" /><testcase classname="backend.tests.test_multibot_iteration8.TestCopyTradeBotEndpoints" name="test_copytrade_bot_status" time="0.085" /><testcase classname="backend.tests.test_multibot_iteration8.TestCopyTradeBotEndpoints" name="test_copytrade_bot_config_with_target_wallet" time="0.106" /><testcase classname="backend.tests.test_multibot_iteration8.TestCopyTradeBotEndpoints" name="test_copytrade_bot_wallets" time="0.085" /><testcase classname="backend.tests.test_multibot_iteration8.TestGenericBotStartStop" name="test_spread_bot_start_without_token" time="0.172" /><testcase classname="backend.tests.test_multibot_iteration8.TestGenericBotStartStop" name="test_spread_bot_stop" time="0.103" /><testcase classname="backend.tests.test_multibot_iteration8.TestDistributeCollectSol" name="test_spread_bot_distribute_status" time="0.092" /><testcase classname="backend.tests.test_multibot_iteration8.TestDistributeCollectSol" name="test_spread_bot_collect_status" time="0.087" /><testcase classname="backend.tests.test_multibot_iteration8.TestFtrxBugFix" name="test_volume_bot_wallets_have_ftrx_field" time="1.507" /><testcase classname="backend.tests.test_multibot_iteration8.TestLandingPage" name="test_landing_page_loads" time="0.172" /></testsuite></testsuites>