<?xml version="1.0" encoding="utf-8"?><testsuites name="pytest tests"><testsuite name="pytest" errors="0" failures="0" skipped="0" tests="27" time="52.032" timestamp="2026-04-11T01:25:24.276309+00:00" hostname="agent-env-29770832-cadb-41f2-aa1a-6b0d9925ce6a"><testcase classname="backend.tests.test_organic_mode.TestOrganicModeStatusFields" name="test_status_returns_token_holders" time="1.192" /><testcase classname="backend.tests.test_organic_mode.TestOrganicModeStatusFields" name="test_status_returns_buys_since_sell" time="0.788" /><testcase classname="backend.tests.test_organic_mode.TestOrganicModeStatusFields" name="test_status_returns_last_action" time="0.995" /><testcase classname="backend.tests.test_organic_mode.TestOrganicModeStatusFields" name="test_status_returns_all_required_fields" time="0.774" /><testcase classname="backend.tests.test_organic_mode.TestBotConfigUpdate" name="test_config_update_token_mint" time="2.437" /><testcase classname="backend.tests.test_organic_mode.TestBotConfigUpdate" name="test_config_update_target_volume" time="1.745" /><testcase classname="backend.tests.test_organic_mode.TestBotConfigUpdate" name="test_config_update_trade_intervals" time="1.563" /><testcase classname="backend.tests.test_organic_mode.TestBotConfigUpdate" name="test_config_update_sol_per_trade" time="1.521" /><testcase classname="backend.tests.test_organic_mode.TestBotConfigUpdate" name="test_config_update_slippage" time="1.522" /><testcase classname="backend.tests.test_organic_mode.TestBotConfigUpdate" name="test_config_update_auto_refund" time="1.521" /><testcase classname="backend.tests.test_organic_mode.TestBotConfigUpdate" name="test_config_update_min_wallet_balance" time="1.494" /><testcase classname="backend.tests.test_organic_mode.TestBotStartStop" name="test_bot_start" time="2.314" /><testcase classname="backend.tests.test_organic_mode.TestBotStartStop" name="test_bot_status_when_running" time="1.569" /><testcase classname="backend.tests.test_organic_mode.TestBotStartStop" name="test_bot_stop" time="1.615" /><testcase classname="backend.tests.test_organic_mode.TestBotStartStop" name="test_bot_start_already_running" time="2.285" /><testcase classname="backend.tests.test_organic_mode.TestCostCalculator" name="test_costs_returns_all_fields" time="0.774" /><testcase classname="backend.tests.test_organic_mode.TestCostCalculator" name="test_costs_values_are_numeric" time="0.752" /><testcase classname="backend.tests.test_organic_mode.TestWalletEndpoints" name="test_get_wallets" time="17.150" /><testcase classname="backend.tests.test_organic_mode.TestWalletEndpoints" name="test_generate_wallets" time="2.715" /><testcase classname="backend.tests.test_organic_mode.TestAuthProtection" name="test_status_requires_auth" time="0.752" /><testcase classname="backend.tests.test_organic_mode.TestAuthProtection" name="test_start_requires_auth" time="0.747" /><testcase classname="backend.tests.test_organic_mode.TestAuthProtection" name="test_stop_requires_auth" time="0.760" /><testcase classname="backend.tests.test_organic_mode.TestAuthProtection" name="test_config_requires_auth" time="0.806" /><testcase classname="backend.tests.test_organic_mode.TestAuthProtection" name="test_costs_requires_auth" time="0.773" /><testcase classname="backend.tests.test_organic_mode.TestAuthProtection" name="test_wallets_requires_auth" time="0.753" /><testcase classname="backend.tests.test_organic_mode.TestCleanup" name="test_ensure_bot_stopped" time="1.560" /><testcase classname="backend.tests.test_organic_mode.TestCleanup" name="test_restore_default_config" time="0.795" /></testsuite></testsuites>