<?xml version="1.0" encoding="utf-8"?><testsuites name="pytest tests"><testsuite name="pytest" errors="0" failures="0" skipped="0" tests="10" time="13.678" timestamp="2026-03-25T14:10:38.131252+00:00" hostname="agent-env-1f83ada1-f807-401a-8676-234b62839b97"><testcase classname="backend.tests.test_api_endpoints.TestHealthAndRoot" name="test_root_endpoint" time="1.368" /><testcase classname="backend.tests.test_api_endpoints.TestCryptoPrice" name="test_crypto_price_returns_solana_data" time="1.579" /><testcase classname="backend.tests.test_api_endpoints.TestFTRXPrice" name="test_ftrx_price_returns_valid_data" time="1.188" /><testcase classname="backend.tests.test_api_endpoints.TestSolanaBalance" name="test_solana_balance_valid_address" time="1.501" /><testcase classname="backend.tests.test_api_endpoints.TestSolanaBalance" name="test_solana_balance_invalid_address" time="1.712" /><testcase classname="backend.tests.test_api_endpoints.TestWhitelist" name="test_whitelist_count" time="1.376" /><testcase classname="backend.tests.test_api_endpoints.TestWhitelist" name="test_whitelist_add_new_entry" time="0.758" /><testcase classname="backend.tests.test_api_endpoints.TestWhitelist" name="test_whitelist_duplicate_email" time="1.505" /><testcase classname="backend.tests.test_api_endpoints.TestWhitelist" name="test_whitelist_email_only" time="0.832" /><testcase classname="backend.tests.test_api_endpoints.TestCryptoChart" name="test_crypto_chart_returns_data" time="1.236" /></testsuite></testsuites>