<?xml version="1.0" encoding="utf-8"?><testsuites name="pytest tests"><testsuite name="pytest" errors="0" failures="0" skipped="0" tests="21" time="29.743" timestamp="2026-04-14T18:16:23.723725+00:00" hostname="agent-env-87ef82a2-f1c4-472c-8f56-cea233900fdb"><testcase classname="backend.tests.test_volume3_pair_mode.TestAdminLogin" name="test_admin_login_success" time="1.282" /><testcase classname="backend.tests.test_volume3_pair_mode.TestAdminLogin" name="test_admin_login_failure" time="0.933" /><testcase classname="backend.tests.test_volume3_pair_mode.TestVolume3Status" name="test_volume3_status_returns_pair_mode" time="0.730" /><testcase classname="backend.tests.test_volume3_pair_mode.TestVolume3Status" name="test_volume3_status_has_running_field" time="0.762" /><testcase classname="backend.tests.test_volume3_pair_mode.TestVolume3Status" name="test_volume3_status_has_config" time="0.791" /><testcase classname="backend.tests.test_volume3_pair_mode.TestVolume3ConfigUpdate" name="test_volume3_config_accepts_output_mint" time="2.384" /><testcase classname="backend.tests.test_volume3_pair_mode.TestVolume3ConfigUpdate" name="test_volume3_config_accepts_token_mint" time="1.510" /><testcase classname="backend.tests.test_volume3_pair_mode.TestVolume3ConfigUpdate" name="test_volume3_config_clear_output_mint_disables_pair_mode" time="3.745" /><testcase classname="backend.tests.test_volume3_pair_mode.TestVolume3Wallets" name="test_volume3_wallets_endpoint" time="0.905" /><testcase classname="backend.tests.test_volume3_pair_mode.TestVolume3Wallets" name="test_volume3_wallets_have_balance_fields" time="4.048" /><testcase classname="backend.tests.test_volume3_pair_mode.TestVolume1NoRegression" name="test_volume1_status_works" time="0.765" /><testcase classname="backend.tests.test_volume3_pair_mode.TestVolume1NoRegression" name="test_volume1_pair_mode_is_false" time="0.718" /><testcase classname="backend.tests.test_volume3_pair_mode.TestVolume1NoRegression" name="test_volume1_wallets_work" time="4.433" /><testcase classname="backend.tests.test_volume3_pair_mode.TestOtherBotsAccessible" name="test_volume2_status" time="1.000" /><testcase classname="backend.tests.test_volume3_pair_mode.TestOtherBotsAccessible" name="test_spread_bot_status" time="0.765" /><testcase classname="backend.tests.test_volume3_pair_mode.TestOtherBotsAccessible" name="test_sniper_bot_status" time="0.844" /><testcase classname="backend.tests.test_volume3_pair_mode.TestOtherBotsAccessible" name="test_trade_bot_status" time="0.737" /><testcase classname="backend.tests.test_volume3_pair_mode.TestOtherBotsAccessible" name="test_arbitrage_bot_status" time="0.737" /><testcase classname="backend.tests.test_volume3_pair_mode.TestOtherBotsAccessible" name="test_copytrade_bot_status" time="0.794" /><testcase classname="backend.tests.test_volume3_pair_mode.TestOtherBotsAccessible" name="test_holder_bot_status" time="0.769" /><testcase classname="backend.tests.test_volume3_pair_mode.TestBotListEndpoint" name="test_bot_list_includes_volume3" time="0.806" /></testsuite></testsuites>